# JRE version: Java(TM) SE Runtime Environment (21.0.2+13) (build 21.0.2+13-LTS-58)
# Java VM: Java HotSpot(TM) 64-Bit Server VM (21.0.2+13-LTS-58, mixed mode, sharing, tiered, compressed oops, compressed class ptrs, g1 gc, windows-amd64)
GC Precious Log:
 CardTable entry size: 512
 Card Set container configuration: InlinePtr #cards 4 size 8 Array Of Cards #cards 16 size 48 Howl #buckets 8 coarsen threshold 3686 Howl Bitmap #cards 512 size 80 coarsen threshold 460 Card regions per heap region 1 cards per card region 4096
 CPUs: 16 total, 16 available
 Memory: 16114M
 Large Page Support: Disabled
 NUMA Support: Disabled
 Compressed Oops: Enabled (Zero based)
 Heap Region Size: 2M
 Heap Min Capacity: 8M
 Heap Initial Capacity: 252M
 Heap Max Capacity: 4030M
 Pre-touch: Disabled
 Parallel Workers: 13
 Concurrent Workers: 3
 Concurrent Refinement Workers: 13
 Periodic GC: Disabled
Heap:
 garbage-first heap   total 540672K, used 306525K [0x0000000704200000, 0x0000000800000000)
  region size 2048K, 88 young (180224K), 3 survivors (6144K)
 Metaspace       used 105305K, committed 106176K, reserved 1179648K
  class space    used 13787K, committed 14144K, reserved 1048576K
GC Heap History (20 events):
Event: 12.421 GC heap before
{Heap before GC invocations=25 (full 0):
 garbage-first heap   total 104448K, used 92965K [0x0000000704200000, 0x0000000800000000)
  region size 2048K, 21 young (43008K), 1 survivors (2048K)
 Metaspace       used 93946K, committed 94656K, reserved 1179648K
  class space    used 12427K, committed 12736K, reserved 1048576K
}
Event: 12.426 GC heap after
{Heap after GC invocations=26 (full 0):
 garbage-first heap   total 104448K, used 58739K [0x0000000704200000, 0x0000000800000000)
  region size 2048K, 3 young (6144K), 3 survivors (6144K)
 Metaspace       used 93946K, committed 94656K, reserved 1179648K
  class space    used 12427K, committed 12736K, reserved 1048576K
}
Event: 12.465 GC heap before
{Heap before GC invocations=26 (full 0):
 garbage-first heap   total 104448K, used 89459K [0x0000000704200000, 0x0000000800000000)
  region size 2048K, 18 young (36864K), 3 survivors (6144K)
 Metaspace       used 93954K, committed 94656K, reserved 1179648K
  class space    used 12427K, committed 12736K, reserved 1048576K
}
Event: 12.473 GC heap after
{Heap after GC invocations=27 (full 0):
 garbage-first heap   total 108544K, used 68800K [0x0000000704200000, 0x0000000800000000)
  region size 2048K, 3 young (6144K), 3 survivors (6144K)
 Metaspace       used 93954K, committed 94656K, reserved 1179648K
  class space    used 12427K, committed 12736K, reserved 1048576K
}
Event: 12.502 GC heap before
{Heap before GC invocations=27 (full 0):
 garbage-first heap   total 108544K, used 91328K [0x0000000704200000, 0x0000000800000000)
  region size 2048K, 14 young (28672K), 3 survivors (6144K)
 Metaspace       used 93954K, committed 94656K, reserved 1179648K
  class space    used 12427K, committed 12736K, reserved 1048576K
}
Event: 12.508 GC heap after
{Heap after GC invocations=28 (full 0):
 garbage-first heap   total 108544K, used 78817K [0x0000000704200000, 0x0000000800000000)
  region size 2048K, 2 young (4096K), 2 survivors (4096K)
 Metaspace       used 93954K, committed 94656K, reserved 1179648K
  class space    used 12427K, committed 12736K, reserved 1048576K
}
Event: 12.549 GC heap before
{Heap before GC invocations=28 (full 0):
 garbage-first heap   total 108544K, used 91105K [0x0000000704200000, 0x0000000800000000)
  region size 2048K, 9 young (18432K), 2 survivors (4096K)
 Metaspace       used 93954K, committed 94656K, reserved 1179648K
  class space    used 12427K, committed 12736K, reserved 1048576K
}
Event: 12.554 GC heap after
{Heap after GC invocations=29 (full 0):
 garbage-first heap   total 217088K, used 84818K [0x0000000704200000, 0x0000000800000000)
  region size 2048K, 2 young (4096K), 2 survivors (4096K)
 Metaspace       used 93954K, committed 94656K, reserved 1179648K
  class space    used 12427K, committed 12736K, reserved 1048576K
}
Event: 12.764 GC heap before
{Heap before GC invocations=30 (full 0):
 garbage-first heap   total 217088K, used 162642K [0x0000000704200000, 0x0000000800000000)
  region size 2048K, 41 young (83968K), 2 survivors (4096K)
 Metaspace       used 93949K, committed 94656K, reserved 1179648K
  class space    used 12426K, committed 12736K, reserved 1048576K
}
Event: 12.771 GC heap after
{Heap after GC invocations=31 (full 0):
 garbage-first heap   total 217088K, used 93290K [0x0000000704200000, 0x0000000800000000)
  region size 2048K, 6 young (12288K), 6 survivors (12288K)
 Metaspace       used 93949K, committed 94656K, reserved 1179648K
  class space    used 12426K, committed 12736K, reserved 1048576K
}
Event: 12.875 GC heap before
{Heap before GC invocations=31 (full 0):
 garbage-first heap   total 217088K, used 173162K [0x0000000704200000, 0x0000000800000000)
  region size 2048K, 45 young (92160K), 6 survivors (12288K)
 Metaspace       used 93949K, committed 94656K, reserved 1179648K
  class space    used 12426K, committed 12736K, reserved 1048576K
}
Event: 12.887 GC heap after
{Heap after GC invocations=32 (full 0):
 garbage-first heap   total 217088K, used 108782K [0x0000000704200000, 0x0000000800000000)
  region size 2048K, 6 young (12288K), 6 survivors (12288K)
 Metaspace       used 93949K, committed 94656K, reserved 1179648K
  class space    used 12426K, committed 12736K, reserved 1048576K
}
Event: 12.959 GC heap before
{Heap before GC invocations=32 (full 0):
 garbage-first heap   total 217088K, used 170222K [0x0000000704200000, 0x0000000800000000)
  region size 2048K, 37 young (75776K), 6 survivors (12288K)
 Metaspace       used 93949K, committed 94656K, reserved 1179648K
  class space    used 12426K, committed 12736K, reserved 1048576K
}
Event: 12.975 GC heap after
{Heap after GC invocations=33 (full 0):
 garbage-first heap   total 217088K, used 135800K [0x0000000704200000, 0x0000000800000000)
  region size 2048K, 5 young (10240K), 5 survivors (10240K)
 Metaspace       used 93949K, committed 94656K, reserved 1179648K
  class space    used 12426K, committed 12736K, reserved 1048576K
}
Event: 13.057 GC heap before
{Heap before GC invocations=34 (full 0):
 garbage-first heap   total 266240K, used 178808K [0x0000000704200000, 0x0000000800000000)
  region size 2048K, 26 young (53248K), 5 survivors (10240K)
 Metaspace       used 93949K, committed 94656K, reserved 1179648K
  class space    used 12426K, committed 12736K, reserved 1048576K
}
Event: 13.067 GC heap after
{Heap after GC invocations=35 (full 0):
 garbage-first heap   total 266240K, used 151439K [0x0000000704200000, 0x0000000800000000)
  region size 2048K, 4 young (8192K), 4 survivors (8192K)
 Metaspace       used 93949K, committed 94656K, reserved 1179648K
  class space    used 12426K, committed 12736K, reserved 1048576K
}
Event: 13.144 GC heap before
{Heap before GC invocations=35 (full 0):
 garbage-first heap   total 266240K, used 214927K [0x0000000704200000, 0x0000000800000000)
  region size 2048K, 35 young (71680K), 4 survivors (8192K)
 Metaspace       used 93950K, committed 94656K, reserved 1179648K
  class space    used 12426K, committed 12736K, reserved 1048576K
}
Event: 13.150 GC heap after
{Heap after GC invocations=36 (full 0):
 garbage-first heap   total 266240K, used 136032K [0x0000000704200000, 0x0000000800000000)
  region size 2048K, 3 young (6144K), 3 survivors (6144K)
 Metaspace       used 93950K, committed 94656K, reserved 1179648K
  class space    used 12426K, committed 12736K, reserved 1048576K
}
Event: 13.453 GC heap before
{Heap before GC invocations=36 (full 0):
 garbage-first heap   total 266240K, used 209760K [0x0000000704200000, 0x0000000800000000)
  region size 2048K, 39 young (79872K), 3 survivors (6144K)
 Metaspace       used 94872K, committed 95616K, reserved 1179648K
  class space    used 12510K, committed 12864K, reserved 1048576K
}
Event: 13.458 GC heap after
{Heap after GC invocations=37 (full 0):
 garbage-first heap   total 546816K, used 136541K [0x0000000704200000, 0x0000000800000000)
  region size 2048K, 3 young (6144K), 3 survivors (6144K)
 Metaspace       used 94872K, committed 95616K, reserved 1179648K
  class space    used 12510K, committed 12864K, reserved 1048576K
}

