# JRE version: Java(TM) SE Runtime Environment (21.0.2+13) (build 21.0.2+13-LTS-58)
# Java VM: Java HotSpot(TM) 64-Bit Server VM (21.0.2+13-LTS-58, mixed mode, sharing, tiered, compressed oops, compressed class ptrs, g1 gc, windows-amd64)
GC Precious Log:
 CardTable entry size: 512
 Card Set container configuration: InlinePtr #cards 4 size 8 Array Of Cards #cards 16 size 48 Howl #buckets 8 coarsen threshold 3686 Howl Bitmap #cards 512 size 80 coarsen threshold 460 Card regions per heap region 1 cards per card region 4096
 CPUs: 16 total, 16 available
 Memory: 16114M
 Large Page Support: Disabled
 NUMA Support: Disabled
 Compressed Oops: Enabled (Zero based)
 Heap Region Size: 2M
 Heap Min Capacity: 8M
 Heap Initial Capacity: 252M
 Heap Max Capacity: 4030M
 Pre-touch: Disabled
 Parallel Workers: 13
 Concurrent Workers: 3
 Concurrent Refinement Workers: 13
 Periodic GC: Disabled
Heap:
 garbage-first heap   total 280576K, used 150968K [0x0000000704200000, 0x0000000800000000)
  region size 2048K, 3 young (6144K), 3 survivors (6144K)
 Metaspace       used 94976K, committed 95744K, reserved 1179648K
  class space    used 12509K, committed 12864K, reserved 1048576K
GC Heap History (20 events):
Event: 10.912 GC heap after
{Heap after GC invocations=26 (full 0):
 garbage-first heap   total 96256K, used 50902K [0x0000000704200000, 0x0000000800000000)
  region size 2048K, 2 young (4096K), 2 survivors (4096K)
 Metaspace       used 92340K, committed 93056K, reserved 1179648K
  class space    used 12238K, committed 12544K, reserved 1048576K
}
Event: 11.225 GC heap before
{Heap before GC invocations=26 (full 0):
 garbage-first heap   total 96256K, used 83670K [0x0000000704200000, 0x0000000800000000)
  region size 2048K, 18 young (36864K), 2 survivors (4096K)
 Metaspace       used 94013K, committed 94720K, reserved 1179648K
  class space    used 12426K, committed 12736K, reserved 1048576K
}
Event: 11.229 GC heap after
{Heap after GC invocations=27 (full 0):
 garbage-first heap   total 96256K, used 54787K [0x0000000704200000, 0x0000000800000000)
  region size 2048K, 3 young (6144K), 3 survivors (6144K)
 Metaspace       used 94013K, committed 94720K, reserved 1179648K
  class space    used 12426K, committed 12736K, reserved 1048576K
}
Event: 11.286 GC heap before
{Heap before GC invocations=28 (full 0):
 garbage-first heap   total 122880K, used 83459K [0x0000000704200000, 0x0000000800000000)
  region size 2048K, 17 young (34816K), 3 survivors (6144K)
 Metaspace       used 94015K, committed 94720K, reserved 1179648K
  class space    used 12426K, committed 12736K, reserved 1048576K
}
Event: 11.294 GC heap after
{Heap after GC invocations=29 (full 0):
 garbage-first heap   total 122880K, used 64813K [0x0000000704200000, 0x0000000800000000)
  region size 2048K, 3 young (6144K), 3 survivors (6144K)
 Metaspace       used 94015K, committed 94720K, reserved 1179648K
  class space    used 12426K, committed 12736K, reserved 1048576K
}
Event: 11.335 GC heap before
{Heap before GC invocations=29 (full 0):
 garbage-first heap   total 122880K, used 99629K [0x0000000704200000, 0x0000000800000000)
  region size 2048K, 21 young (43008K), 3 survivors (6144K)
 Metaspace       used 94015K, committed 94720K, reserved 1179648K
  class space    used 12426K, committed 12736K, reserved 1048576K
}
Event: 11.344 GC heap after
{Heap after GC invocations=30 (full 0):
 garbage-first heap   total 124928K, used 78798K [0x0000000704200000, 0x0000000800000000)
  region size 2048K, 3 young (6144K), 3 survivors (6144K)
 Metaspace       used 94015K, committed 94720K, reserved 1179648K
  class space    used 12426K, committed 12736K, reserved 1048576K
}
Event: 11.376 GC heap before
{Heap before GC invocations=30 (full 0):
 garbage-first heap   total 124928K, used 103374K [0x0000000704200000, 0x0000000800000000)
  region size 2048K, 15 young (30720K), 3 survivors (6144K)
 Metaspace       used 94015K, committed 94720K, reserved 1179648K
  class space    used 12426K, committed 12736K, reserved 1048576K
}
Event: 11.383 GC heap after
{Heap after GC invocations=31 (full 0):
 garbage-first heap   total 264192K, used 87984K [0x0000000704200000, 0x0000000800000000)
  region size 2048K, 2 young (4096K), 2 survivors (4096K)
 Metaspace       used 94015K, committed 94720K, reserved 1179648K
  class space    used 12426K, committed 12736K, reserved 1048576K
}
Event: 11.552 GC heap before
{Heap before GC invocations=32 (full 0):
 garbage-first heap   total 264192K, used 182192K [0x0000000704200000, 0x0000000800000000)
  region size 2048K, 48 young (98304K), 2 survivors (4096K)
 Metaspace       used 94010K, committed 94720K, reserved 1179648K
  class space    used 12425K, committed 12736K, reserved 1048576K
}
Event: 11.557 GC heap after
{Heap after GC invocations=33 (full 0):
 garbage-first heap   total 264192K, used 96773K [0x0000000704200000, 0x0000000800000000)
  region size 2048K, 6 young (12288K), 6 survivors (12288K)
 Metaspace       used 94010K, committed 94720K, reserved 1179648K
  class space    used 12425K, committed 12736K, reserved 1048576K
}
Event: 11.651 GC heap before
{Heap before GC invocations=33 (full 0):
 garbage-first heap   total 264192K, used 199173K [0x0000000704200000, 0x0000000800000000)
  region size 2048K, 56 young (114688K), 6 survivors (12288K)
 Metaspace       used 94010K, committed 94720K, reserved 1179648K
  class space    used 12425K, committed 12736K, reserved 1048576K
}
Event: 11.671 GC heap after
{Heap after GC invocations=34 (full 0):
 garbage-first heap   total 264192K, used 134220K [0x0000000704200000, 0x0000000800000000)
  region size 2048K, 7 young (14336K), 7 survivors (14336K)
 Metaspace       used 94010K, committed 94720K, reserved 1179648K
  class space    used 12425K, committed 12736K, reserved 1048576K
}
Event: 11.681 GC heap before
{Heap before GC invocations=34 (full 0):
 garbage-first heap   total 264192K, used 142412K [0x0000000704200000, 0x0000000800000000)
  region size 2048K, 12 young (24576K), 7 survivors (14336K)
 Metaspace       used 94010K, committed 94720K, reserved 1179648K
  class space    used 12425K, committed 12736K, reserved 1048576K
}
Event: 11.688 GC heap after
{Heap after GC invocations=35 (full 0):
 garbage-first heap   total 264192K, used 143360K [0x0000000704200000, 0x0000000800000000)
  region size 2048K, 3 young (6144K), 3 survivors (6144K)
 Metaspace       used 94010K, committed 94720K, reserved 1179648K
  class space    used 12425K, committed 12736K, reserved 1048576K
}
Event: 11.793 GC heap before
{Heap before GC invocations=36 (full 0):
 garbage-first heap   total 280576K, used 206848K [0x0000000704200000, 0x0000000800000000)
  region size 2048K, 34 young (69632K), 3 survivors (6144K)
 Metaspace       used 94010K, committed 94720K, reserved 1179648K
  class space    used 12425K, committed 12736K, reserved 1048576K
}
Event: 11.804 GC heap after
{Heap after GC invocations=37 (full 0):
 garbage-first heap   total 280576K, used 165257K [0x0000000704200000, 0x0000000800000000)
  region size 2048K, 5 young (10240K), 5 survivors (10240K)
 Metaspace       used 94010K, committed 94720K, reserved 1179648K
  class space    used 12425K, committed 12736K, reserved 1048576K
}
Event: 11.858 GC heap before
{Heap before GC invocations=37 (full 0):
 garbage-first heap   total 280576K, used 224649K [0x0000000704200000, 0x0000000800000000)
  region size 2048K, 34 young (69632K), 5 survivors (10240K)
 Metaspace       used 94010K, committed 94720K, reserved 1179648K
  class space    used 12425K, committed 12736K, reserved 1048576K
}
Event: 11.863 GC heap after
{Heap after GC invocations=38 (full 0):
 garbage-first heap   total 280576K, used 147728K [0x0000000704200000, 0x0000000800000000)
  region size 2048K, 1 young (2048K), 1 survivors (2048K)
 Metaspace       used 94010K, committed 94720K, reserved 1179648K
  class space    used 12425K, committed 12736K, reserved 1048576K
}
Event: 12.195 GC heap before
{Heap before GC invocations=38 (full 0):
 garbage-first heap   total 280576K, used 221456K [0x0000000704200000, 0x0000000800000000)
  region size 2048K, 37 young (75776K), 1 survivors (2048K)
 Metaspace       used 94976K, committed 95744K, reserved 1179648K
  class space    used 12509K, committed 12864K, reserved 1048576K
}

